<?xml version="1.0" encoding="UTF-8"?>
<!-- Generated by org.testng.reporters.JUnitXMLReporter -->
<testsuite ignored="0" hostname="Tharindu" failures="2" tests="16" name="actiTime App Test Cases" time="252.346" errors="0" timestamp="2022-10-04T21:27:01 IST">
  <testcase classname="com.act.qa.testcases.LoginPageTest" name="loginPageLogoTest" time="0.068"/>
  <testcase classname="com.act.qa.testcases.LoginPageTest" name="loginpageTitleTest" time="0.016"/>
  <testcase classname="com.act.qa.testcases.LoginPageTest" name="loginTest" time="4.495"/>
  <testcase classname="com.act.qa.testcases.HomePageTest" name="homePageLogoTest" time="4.054"/>
  <testcase classname="com.act.qa.testcases.HomePageTest" name="validateHomePageTitleTest" time="0.014">
    <failure type="java.lang.AssertionError" message="Home Page Title not matched expected [actiTIME - Enter Time-Track] but found [actiTIME - Login]">
      <![CDATA[java.lang.AssertionError: Home Page Title not matched expected [actiTIME - Enter Time-Track] but found [actiTIME - Login]
at com.act.qa.testcases.HomePageTest.validateHomePageTitleTest(HomePageTest.java:54)
at java.base/java.util.ArrayList.forEach(ArrayList.java:1511)
... Removed 32 stack frames]]>
    </failure>
  </testcase> <!-- validateHomePageTitleTest -->
  <testcase classname="com.act.qa.testcases.HomePageTest" name="verifyUserNameTest" time="3.944"/>
  <testcase classname="com.act.qa.testcases.HomePageTest" name="verifyReportsLinkTest" time="8.939"/>
  <testcase classname="com.act.qa.testcases.HomePageTest" name="verifyUsersLinkTest" time="6.85"/>
  <testcase classname="com.act.qa.testcases.HomePageTest" name="verifySelectedEmpTest" time="4.238"/>
  <testcase classname="com.act.qa.testcases.HomePageTest" name="validateEnterTimeTracksForMeTest" time="6.061"/>
  <testcase classname="com.act.qa.testcases.HomePageTest" name="validateEnterTimeTracksForMeTest" time="6.05"/>
  <testcase classname="com.act.qa.testcases.UsersPageTest" name="validateUsersPageTitleTest" time="0.006"/>
  <testcase classname="com.act.qa.testcases.UsersPageTest" name="verifyUsersPageHeadingTest" time="0.031"/>
  <testcase classname="com.act.qa.testcases.ReportsPageTest" name="validateReportsPageTitleTest" time="0.01"/>
  <testcase classname="com.act.qa.testcases.ReportsPageTest" name="verifyReportsPageHeadingTest" time="0.037"/>
  <testcase classname="com.act.qa.testcases.ReportsPageTest" name="visibleChartModalTest" time="1.096">
    <failure type="java.lang.AssertionError" message="Chart didn&amp;apos;t Visible! expected [true] but found [false]">
      <![CDATA[java.lang.AssertionError: Chart didn't Visible! expected [true] but found [false]
at com.act.qa.testcases.ReportsPageTest.visibleChartModalTest(ReportsPageTest.java:55)
at java.base/java.util.ArrayList.forEach(ArrayList.java:1511)
... Removed 30 stack frames]]>
    </failure>
  </testcase> <!-- visibleChartModalTest -->
</testsuite> <!-- actiTime App Test Cases -->
